mode: set
server/internal/services/auth_service.go:38.101,40.2 1 0
server/internal/services/auth_service.go:42.51,44.16 2 0
server/internal/services/auth_service.go:44.16,46.3 1 0
server/internal/services/auth_service.go:48.2,50.16 3 0
server/internal/services/auth_service.go:50.16,52.3 1 0
server/internal/services/auth_service.go:53.2,57.99 4 0
server/internal/services/auth_service.go:57.99,59.3 1 0
server/internal/services/auth_service.go:60.2,62.67 3 0
server/internal/services/auth_service.go:62.67,64.3 1 0
server/internal/services/auth_service.go:66.2,66.12 1 0
server/internal/services/auth_service.go:69.57,71.2 1 0
server/internal/services/auth_service.go:73.79,75.35 2 0
server/internal/services/auth_service.go:75.35,77.3 1 0
server/internal/services/auth_service.go:78.2,81.16 3 0
server/internal/services/auth_service.go:81.16,83.3 1 0
server/internal/services/auth_service.go:84.2,85.59 2 0
server/internal/services/auth_service.go:85.59,87.3 1 0
server/internal/services/auth_service.go:89.2,95.49 2 0
server/internal/services/auth_service.go:95.49,97.3 1 0
server/internal/services/auth_service.go:99.2,100.16 2 0
server/internal/services/auth_service.go:100.16,102.3 1 0
server/internal/services/auth_service.go:103.2,104.16 2 0
server/internal/services/auth_service.go:104.16,106.3 1 0
server/internal/services/auth_service.go:108.2,113.58 2 0
server/internal/services/auth_service.go:113.58,115.3 1 0
server/internal/services/auth_service.go:117.2,120.8 1 0
server/internal/services/auth_service.go:123.82,125.16 2 0
server/internal/services/auth_service.go:125.16,127.3 1 0
server/internal/services/auth_service.go:128.2,134.8 1 0
server/internal/services/auth_service.go:137.79,140.19 3 0
server/internal/services/auth_service.go:140.19,142.3 1 0
server/internal/services/auth_service.go:144.2,145.73 2 0
server/internal/services/auth_service.go:145.73,149.3 3 0
server/internal/services/auth_service.go:151.2,154.16 3 0
server/internal/services/auth_service.go:154.16,156.3 1 0
server/internal/services/auth_service.go:158.2,159.16 2 0
server/internal/services/auth_service.go:159.16,161.3 1 0
server/internal/services/auth_service.go:162.2,167.58 2 0
server/internal/services/auth_service.go:167.58,169.3 1 0
server/internal/services/auth_service.go:171.2,174.8 1 0
server/internal/services/auth_service.go:177.64,179.16 2 0
server/internal/services/auth_service.go:179.16,180.27 1 0
server/internal/services/auth_service.go:180.27,182.4 1 0
server/internal/services/auth_service.go:183.3,183.63 1 0
server/internal/services/auth_service.go:186.2,187.16 2 0
server/internal/services/auth_service.go:187.16,189.3 1 0
server/internal/services/auth_service.go:191.2,194.71 4 0
server/internal/services/auth_service.go:194.71,196.3 1 0
server/internal/services/auth_service.go:197.2,197.103 1 0
server/internal/services/auth_service.go:197.103,199.3 1 0
server/internal/services/auth_service.go:200.2,206.16 3 0
server/internal/services/auth_service.go:206.16,208.3 1 0
server/internal/services/auth_service.go:209.2,209.113 1 0
server/internal/services/auth_service.go:209.113,211.3 1 0
server/internal/services/auth_service.go:212.2,212.12 1 0
server/internal/services/auth_service.go:215.84,217.16 2 0
server/internal/services/auth_service.go:217.16,219.3 1 0
server/internal/services/auth_service.go:220.2,221.16 2 0
server/internal/services/auth_service.go:221.16,223.3 1 0
server/internal/services/auth_service.go:224.2,224.45 1 0
server/internal/services/auth_service.go:224.45,226.3 1 0
server/internal/services/auth_service.go:227.2,228.16 2 0
server/internal/services/auth_service.go:228.16,230.3 1 0
server/internal/services/auth_service.go:232.2,233.16 2 0
server/internal/services/auth_service.go:233.16,235.3 1 0
server/internal/services/auth_service.go:236.2,237.16 2 0
server/internal/services/auth_service.go:237.16,239.3 1 0
server/internal/services/auth_service.go:241.2,241.64 1 0
server/internal/services/auth_service.go:241.64,243.3 1 0
server/internal/services/auth_service.go:244.2,249.58 2 0
server/internal/services/auth_service.go:249.58,251.3 1 0
server/internal/services/auth_service.go:253.2,256.8 1 0
server/internal/services/auth_service.go:259.79,261.16 2 0
server/internal/services/auth_service.go:261.16,263.3 1 0
server/internal/services/auth_service.go:264.2,265.24 2 0
server/internal/services/auth_service.go:265.24,267.3 1 0
server/internal/services/auth_service.go:268.2,271.16 3 0
server/internal/services/auth_service.go:271.16,279.49 2 0
server/internal/services/auth_service.go:279.49,281.4 1 0
server/internal/services/auth_service.go:284.2,285.16 2 0
server/internal/services/auth_service.go:285.16,287.3 1 0
server/internal/services/auth_service.go:288.2,289.16 2 0
server/internal/services/auth_service.go:289.16,291.3 1 0
server/internal/services/auth_service.go:293.2,298.58 2 0
server/internal/services/auth_service.go:298.58,300.3 1 0
server/internal/services/auth_service.go:302.2,305.8 1 0
server/internal/services/auth_service.go:308.50,310.2 1 0
server/internal/services/auth_service.go:312.89,314.16 2 0
server/internal/services/auth_service.go:314.16,316.3 1 0
server/internal/services/auth_service.go:318.2,319.9 2 0
server/internal/services/auth_service.go:319.9,321.3 1 0
server/internal/services/auth_service.go:323.2,323.35 1 0
server/internal/services/booking_service.go:36.253,45.2 1 0
server/internal/services/booking_service.go:47.84,49.16 2 0
server/internal/services/booking_service.go:49.16,51.3 1 0
server/internal/services/booking_service.go:53.2,55.16 3 0
server/internal/services/booking_service.go:55.16,57.3 1 0
server/internal/services/booking_service.go:58.2,58.38 1 0
server/internal/services/booking_service.go:58.38,60.3 1 0
server/internal/services/booking_service.go:62.2,63.16 2 0
server/internal/services/booking_service.go:63.16,65.3 1 0
server/internal/services/booking_service.go:66.2,66.37 1 0
server/internal/services/booking_service.go:66.37,68.3 1 0
server/internal/services/booking_service.go:70.2,73.49 3 0
server/internal/services/booking_service.go:73.49,80.51 2 0
server/internal/services/booking_service.go:80.51,82.4 1 0
server/internal/services/booking_service.go:84.3,88.54 2 0
server/internal/services/booking_service.go:88.54,90.4 1 0
server/internal/services/booking_service.go:92.3,94.87 1 0
server/internal/services/booking_service.go:94.87,96.4 1 0
server/internal/services/booking_service.go:98.3,100.64 1 0
server/internal/services/booking_service.go:100.64,102.4 1 0
server/internal/services/booking_service.go:104.3,104.13 1 0
server/internal/services/booking_service.go:107.2,107.16 1 0
server/internal/services/booking_service.go:107.16,109.3 1 0
server/internal/services/booking_service.go:112.2,124.59 2 0
server/internal/services/booking_service.go:124.59,126.3 1 0
server/internal/services/booking_service.go:128.2,128.12 1 0
server/internal/services/booking_service.go:131.144,133.16 2 0
server/internal/services/booking_service.go:133.16,135.3 1 0
server/internal/services/booking_service.go:137.2,138.29 2 0
server/internal/services/booking_service.go:138.29,156.3 2 0
server/internal/services/booking_service.go:157.2,158.32 2 0
server/internal/services/booking_service.go:161.105,163.16 2 0
server/internal/services/booking_service.go:163.16,165.3 1 0
server/internal/services/booking_service.go:167.2,190.30 4 0
server/internal/services/booking_service.go:190.30,192.3 1 0
server/internal/services/booking_service.go:194.2,194.57 1 0
server/internal/services/booking_service.go:194.57,196.3 1 0
server/internal/services/booking_service.go:197.2,197.59 1 0
server/internal/services/booking_service.go:197.59,200.3 1 0
server/internal/services/booking_service.go:202.2,202.17 1 0
server/internal/services/booking_service.go:205.81,207.16 2 0
server/internal/services/booking_service.go:207.16,209.3 1 0
server/internal/services/booking_service.go:211.2,211.37 1 0
server/internal/services/booking_service.go:211.37,213.3 1 0
server/internal/services/booking_service.go:215.2,217.26 2 0
server/internal/services/booking_service.go:217.26,219.3 1 0
server/internal/services/booking_service.go:221.2,227.16 6 0
server/internal/services/booking_service.go:227.16,229.3 1 0
server/internal/services/booking_service.go:231.2,231.12 1 0
server/internal/services/booking_service.go:234.113,236.16 2 0
server/internal/services/booking_service.go:236.16,238.3 1 0
server/internal/services/booking_service.go:239.2,241.27 2 0
server/internal/services/booking_service.go:241.27,243.3 1 0
server/internal/services/booking_service.go:245.2,245.118 1 0
server/internal/services/booking_service.go:245.118,247.3 1 0
server/internal/services/booking_service.go:249.2,255.16 6 0
server/internal/services/booking_service.go:255.16,257.3 1 0
server/internal/services/booking_service.go:258.2,258.12 1 0
server/internal/services/booking_service.go:262.53,266.16 3 0
server/internal/services/booking_service.go:266.16,268.3 1 0
server/internal/services/booking_service.go:270.2,271.29 2 0
server/internal/services/booking_service.go:271.29,272.27 1 0
server/internal/services/booking_service.go:272.27,273.12 1 0
server/internal/services/booking_service.go:276.3,284.25 4 0
server/internal/services/booking_service.go:284.25,286.18 2 0
server/internal/services/booking_service.go:286.18,288.13 2 0
server/internal/services/booking_service.go:291.4,291.15 1 0
server/internal/services/booking_service.go:291.15,298.66 2 0
server/internal/services/booking_service.go:298.66,300.6 1 0
server/internal/services/booking_service.go:300.11,302.6 1 0
server/internal/services/booking_service.go:307.2,307.12 1 0
server/internal/services/category_service.go:24.79,26.2 1 0
server/internal/services/category_service.go:28.59,30.16 2 0
server/internal/services/category_service.go:30.16,32.3 1 0
server/internal/services/category_service.go:34.2,34.50 1 0
server/internal/services/category_service.go:34.50,36.3 1 0
server/internal/services/category_service.go:38.2,38.12 1 0
server/internal/services/category_service.go:41.78,43.16 2 0
server/internal/services/category_service.go:43.16,45.3 1 0
server/internal/services/category_service.go:47.2,48.31 2 0
server/internal/services/category_service.go:48.31,53.3 1 0
server/internal/services/category_service.go:55.2,55.20 1 0
server/internal/services/category_service.go:58.79,64.57 2 0
server/internal/services/category_service.go:64.57,66.3 1 0
server/internal/services/category_service.go:68.2,68.12 1 0
server/internal/services/category_service.go:71.85,73.16 2 0
server/internal/services/category_service.go:73.16,75.3 1 0
server/internal/services/category_service.go:77.2,80.8 1 0
server/internal/services/category_service.go:83.90,85.16 2 0
server/internal/services/category_service.go:85.16,87.3 1 0
server/internal/services/category_service.go:89.2,91.56 2 0
server/internal/services/category_service.go:91.56,93.3 1 0
server/internal/services/category_service.go:95.2,95.12 1 0
server/internal/services/class_service.go:29.70,31.2 1 0
server/internal/services/class_service.go:33.70,35.16 2 0
server/internal/services/class_service.go:35.16,37.3 1 0
server/internal/services/class_service.go:38.2,39.16 2 0
server/internal/services/class_service.go:39.16,41.3 1 0
server/internal/services/class_service.go:42.2,43.16 2 0
server/internal/services/class_service.go:43.16,45.3 1 0
server/internal/services/class_service.go:46.2,47.16 2 0
server/internal/services/class_service.go:47.16,49.3 1 0
server/internal/services/class_service.go:50.2,51.16 2 0
server/internal/services/class_service.go:51.16,53.3 1 0
server/internal/services/class_service.go:55.2,69.51 2 0
server/internal/services/class_service.go:69.51,71.3 1 0
server/internal/services/class_service.go:73.2,73.28 1 0
server/internal/services/class_service.go:73.28,75.37 2 0
server/internal/services/class_service.go:75.37,77.4 1 0
server/internal/services/class_service.go:78.3,78.62 1 0
server/internal/services/class_service.go:78.62,80.4 1 0
server/internal/services/class_service.go:82.2,82.12 1 0
server/internal/services/class_service.go:85.81,87.16 2 0
server/internal/services/class_service.go:87.16,89.3 1 0
server/internal/services/class_service.go:91.2,96.29 5 0
server/internal/services/class_service.go:96.29,98.3 1 0
server/internal/services/class_service.go:100.2,100.22 1 0
server/internal/services/class_service.go:100.22,102.17 2 0
server/internal/services/class_service.go:102.17,104.4 1 0
server/internal/services/class_service.go:105.3,105.24 1 0
server/internal/services/class_service.go:107.2,107.23 1 0
server/internal/services/class_service.go:107.23,109.17 2 0
server/internal/services/class_service.go:109.17,111.4 1 0
server/internal/services/class_service.go:112.3,112.26 1 0
server/internal/services/class_service.go:114.2,114.26 1 0
server/internal/services/class_service.go:114.26,116.17 2 0
server/internal/services/class_service.go:116.17,118.4 1 0
server/internal/services/class_service.go:119.3,119.32 1 0
server/internal/services/class_service.go:121.2,121.26 1 0
server/internal/services/class_service.go:121.26,123.17 2 0
server/internal/services/class_service.go:123.17,125.4 1 0
server/internal/services/class_service.go:126.3,126.32 1 0
server/internal/services/class_service.go:128.2,128.29 1 0
server/internal/services/class_service.go:128.29,130.17 2 0
server/internal/services/class_service.go:130.17,132.4 1 0
server/internal/services/class_service.go:133.3,133.38 1 0
server/internal/services/class_service.go:136.2,136.24 1 0
server/internal/services/class_service.go:136.24,139.3 2 0
server/internal/services/class_service.go:141.2,141.50 1 0
server/internal/services/class_service.go:141.50,143.3 1 0
server/internal/services/class_service.go:144.2,144.12 1 0
server/internal/services/class_service.go:147.53,149.16 2 0
server/internal/services/class_service.go:149.16,151.3 1 0
server/internal/services/class_service.go:153.2,153.23 1 0
server/internal/services/class_service.go:153.23,155.3 1 0
server/internal/services/class_service.go:157.2,157.42 1 0
server/internal/services/class_service.go:157.42,158.24 1 0
server/internal/services/class_service.go:158.24,160.4 1 0
server/internal/services/class_service.go:163.2,163.47 1 0
server/internal/services/class_service.go:163.47,165.3 1 0
server/internal/services/class_service.go:166.2,166.12 1 0
server/internal/services/class_service.go:169.82,171.16 2 0
server/internal/services/class_service.go:171.16,173.3 1 0
server/internal/services/class_service.go:175.2,176.36 2 0
server/internal/services/class_service.go:176.36,178.3 1 0
server/internal/services/class_service.go:180.2,195.8 1 0
server/internal/services/class_service.go:198.120,200.16 2 0
server/internal/services/class_service.go:200.16,202.3 1 0
server/internal/services/class_service.go:204.2,205.28 2 0
server/internal/services/class_service.go:205.28,207.33 2 0
server/internal/services/class_service.go:207.33,209.4 1 0
server/internal/services/class_service.go:210.3,225.5 1 0
server/internal/services/class_service.go:228.2,229.33 2 0
server/internal/services/class_service.go:232.112,234.16 2 0
server/internal/services/class_service.go:234.16,236.3 1 0
server/internal/services/class_service.go:238.2,238.39 1 0
server/internal/services/class_service.go:238.39,239.48 1 0
server/internal/services/class_service.go:239.48,242.4 2 0
server/internal/services/class_service.go:245.2,245.27 1 0
server/internal/services/class_service.go:245.27,247.36 2 0
server/internal/services/class_service.go:247.36,249.4 1 0
server/internal/services/class_service.go:250.3,250.65 1 0
server/internal/services/class_service.go:250.65,252.4 1 0
server/internal/services/class_service.go:254.2,254.12 1 0
server/internal/services/class_service.go:257.79,258.61 1 0
server/internal/services/class_service.go:258.61,260.3 1 0
server/internal/services/class_service.go:261.2,261.12 1 0
server/internal/services/dashboard_service.go:18.82,20.2 1 0
server/internal/services/dashboard_service.go:22.80,45.2 10 0
server/internal/services/dashboard_service.go:47.97,49.16 2 0
server/internal/services/dashboard_service.go:49.16,51.3 1 0
server/internal/services/dashboard_service.go:53.2,57.8 1 0
server/internal/services/instructor_service.go:26.119,28.2 1 0
server/internal/services/instructor_service.go:30.63,32.16 2 0
server/internal/services/instructor_service.go:32.16,34.3 1 0
server/internal/services/instructor_service.go:36.2,37.16 2 0
server/internal/services/instructor_service.go:37.16,40.3 2 0
server/internal/services/instructor_service.go:42.2,42.52 1 0
server/internal/services/instructor_service.go:42.52,44.3 1 0
server/internal/services/instructor_service.go:45.2,45.12 1 0
server/internal/services/instructor_service.go:48.83,50.16 2 0
server/internal/services/instructor_service.go:50.16,52.3 1 0
server/internal/services/instructor_service.go:54.2,55.32 2 0
server/internal/services/instructor_service.go:55.32,67.3 1 0
server/internal/services/instructor_service.go:68.2,68.20 1 0
server/internal/services/instructor_service.go:71.85,73.16 2 0
server/internal/services/instructor_service.go:73.16,75.3 1 0
server/internal/services/instructor_service.go:77.2,78.48 2 0
server/internal/services/instructor_service.go:78.48,80.3 1 0
server/internal/services/instructor_service.go:82.2,89.61 2 0
server/internal/services/instructor_service.go:89.61,91.3 1 0
server/internal/services/instructor_service.go:93.2,93.12 1 0
server/internal/services/instructor_service.go:96.91,98.16 2 0
server/internal/services/instructor_service.go:98.16,100.3 1 0
server/internal/services/instructor_service.go:102.2,112.8 1 0
server/internal/services/instructor_service.go:115.96,117.16 2 0
server/internal/services/instructor_service.go:117.16,119.3 1 0
server/internal/services/instructor_service.go:121.2,121.46 1 0
server/internal/services/instructor_service.go:121.46,123.3 1 0
server/internal/services/instructor_service.go:125.2,129.60 4 0
server/internal/services/instructor_service.go:129.60,131.3 1 0
server/internal/services/instructor_service.go:133.2,133.12 1 0
server/internal/services/level_service.go:22.70,24.2 1 0
server/internal/services/level_service.go:26.53,28.16 2 0
server/internal/services/level_service.go:28.16,30.3 1 0
server/internal/services/level_service.go:32.2,32.47 1 0
server/internal/services/level_service.go:32.47,34.3 1 0
server/internal/services/level_service.go:36.2,36.12 1 0
server/internal/services/level_service.go:39.68,41.16 2 0
server/internal/services/level_service.go:41.16,43.3 1 0
server/internal/services/level_service.go:45.2,46.27 2 0
server/internal/services/level_service.go:46.27,51.3 1 0
server/internal/services/level_service.go:52.2,52.20 1 0
server/internal/services/level_service.go:55.70,60.51 2 0
server/internal/services/level_service.go:60.51,62.3 1 0
server/internal/services/level_service.go:64.2,64.12 1 0
server/internal/services/level_service.go:67.76,69.16 2 0
server/internal/services/level_service.go:69.16,71.3 1 0
server/internal/services/level_service.go:73.2,76.8 1 0
server/internal/services/level_service.go:79.81,81.16 2 0
server/internal/services/level_service.go:81.16,83.3 1 0
server/internal/services/level_service.go:85.2,87.50 2 0
server/internal/services/level_service.go:87.50,89.3 1 0
server/internal/services/level_service.go:91.2,91.12 1 0
server/internal/services/location_service.go:24.79,26.2 1 0
server/internal/services/location_service.go:28.79,36.57 2 0
server/internal/services/location_service.go:36.57,38.3 1 0
server/internal/services/location_service.go:39.2,39.12 1 0
server/internal/services/location_service.go:42.90,44.16 2 0
server/internal/services/location_service.go:44.16,46.3 1 0
server/internal/services/location_service.go:48.2,52.56 4 0
server/internal/services/location_service.go:52.56,54.3 1 0
server/internal/services/location_service.go:55.2,55.12 1 0
server/internal/services/location_service.go:58.59,60.16 2 0
server/internal/services/location_service.go:60.16,62.3 1 0
server/internal/services/location_service.go:64.2,64.50 1 0
server/internal/services/location_service.go:64.50,66.3 1 0
server/internal/services/location_service.go:67.2,67.12 1 0
server/internal/services/location_service.go:70.77,72.16 2 0
server/internal/services/location_service.go:72.16,74.3 1 0
server/internal/services/location_service.go:76.2,77.30 2 0
server/internal/services/location_service.go:77.30,84.3 1 0
server/internal/services/location_service.go:85.2,85.20 1 0
server/internal/services/location_service.go:88.85,90.16 2 0
server/internal/services/location_service.go:90.16,92.3 1 0
server/internal/services/location_service.go:94.2,99.8 1 0
server/internal/services/notif_service.go:28.91,30.2 1 0
server/internal/services/notif_service.go:32.107,34.16 2 0
server/internal/services/notif_service.go:34.16,36.3 1 0
server/internal/services/notif_service.go:38.2,39.29 2 0
server/internal/services/notif_service.go:39.29,47.3 1 0
server/internal/services/notif_service.go:49.2,49.20 1 0
server/internal/services/notif_service.go:52.108,54.16 2 0
server/internal/services/notif_service.go:54.16,56.3 1 0
server/internal/services/notif_service.go:58.2,59.16 2 0
server/internal/services/notif_service.go:59.16,61.3 1 0
server/internal/services/notif_service.go:63.2,64.66 2 0
server/internal/services/notif_service.go:64.66,66.3 1 0
server/internal/services/notif_service.go:68.2,68.12 1 0
server/internal/services/notif_service.go:71.102,73.16 2 0
server/internal/services/notif_service.go:73.16,75.3 1 0
server/internal/services/notif_service.go:77.2,78.27 2 0
server/internal/services/notif_service.go:78.27,88.3 1 0
server/internal/services/notif_service.go:90.2,90.20 1 0
server/internal/services/notif_service.go:93.66,95.2 1 0
server/internal/services/notif_service.go:97.93,99.16 2 0
server/internal/services/notif_service.go:99.16,101.3 1 0
server/internal/services/notif_service.go:103.2,104.35 2 0
server/internal/services/notif_service.go:104.35,120.3 1 0
server/internal/services/notif_service.go:122.2,122.43 1 0
server/internal/services/notif_service.go:125.57,129.16 3 0
server/internal/services/notif_service.go:129.16,131.3 1 0
server/internal/services/notif_service.go:133.2,134.16 2 0
server/internal/services/notif_service.go:134.16,136.3 1 0
server/internal/services/notif_service.go:138.2,138.35 1 0
server/internal/services/notif_service.go:138.35,143.37 4 0
server/internal/services/notif_service.go:143.37,144.12 1 0
server/internal/services/notif_service.go:147.3,157.59 3 0
server/internal/services/notif_service.go:157.59,159.4 1 0
server/internal/services/notif_service.go:162.2,162.12 1 0
server/internal/services/notif_service.go:165.75,169.16 3 0
server/internal/services/notif_service.go:169.16,171.3 1 0
server/internal/services/notif_service.go:173.2,173.46 1 0
server/internal/services/notif_service.go:173.46,175.37 2 0
server/internal/services/notif_service.go:175.37,176.12 1 0
server/internal/services/notif_service.go:179.3,186.59 2 0
server/internal/services/notif_service.go:186.59,188.4 1 0
server/internal/services/notif_service.go:198.2,198.12 1 0
server/internal/services/package_service.go:26.76,28.2 1 0
server/internal/services/package_service.go:30.76,32.39 2 0
server/internal/services/package_service.go:32.39,34.17 2 0
server/internal/services/package_service.go:34.17,36.4 1 0
server/internal/services/package_service.go:37.3,37.57 1 0
server/internal/services/package_service.go:40.2,52.22 2 0
server/internal/services/package_service.go:52.22,54.3 1 0
server/internal/services/package_service.go:56.2,56.51 1 0
server/internal/services/package_service.go:56.51,58.3 1 0
server/internal/services/package_service.go:59.2,59.12 1 0
server/internal/services/package_service.go:62.87,64.16 2 0
server/internal/services/package_service.go:64.16,66.3 1 0
server/internal/services/package_service.go:68.2,75.24 7 0
server/internal/services/package_service.go:75.24,77.3 1 0
server/internal/services/package_service.go:78.2,78.22 1 0
server/internal/services/package_service.go:78.22,80.3 1 0
server/internal/services/package_service.go:81.2,81.29 1 0
server/internal/services/package_service.go:81.29,83.3 1 0
server/internal/services/package_service.go:84.2,84.27 1 0
server/internal/services/package_service.go:84.27,86.40 2 0
server/internal/services/package_service.go:86.40,88.18 2 0
server/internal/services/package_service.go:88.18,90.5 1 0
server/internal/services/package_service.go:91.4,91.58 1 0
server/internal/services/package_service.go:93.3,93.24 1 0
server/internal/services/package_service.go:96.2,96.50 1 0
server/internal/services/package_service.go:96.50,98.3 1 0
server/internal/services/package_service.go:99.2,99.12 1 0
server/internal/services/package_service.go:102.131,104.16 2 0
server/internal/services/package_service.go:104.16,106.3 1 0
server/internal/services/package_service.go:108.2,109.29 2 0
server/internal/services/package_service.go:109.29,111.31 2 0
server/internal/services/package_service.go:111.31,118.4 1 0
server/internal/services/package_service.go:119.3,131.5 1 0
server/internal/services/package_service.go:134.2,135.33 2 0
server/internal/services/package_service.go:138.88,140.16 2 0
server/internal/services/package_service.go:140.16,142.3 1 0
server/internal/services/package_service.go:144.2,145.32 2 0
server/internal/services/package_service.go:145.32,152.3 1 0
server/internal/services/package_service.go:154.2,166.8 1 0
server/internal/services/package_service.go:169.57,171.16 2 0
server/internal/services/package_service.go:171.16,173.3 1 0
server/internal/services/package_service.go:175.2,175.27 1 0
server/internal/services/package_service.go:175.27,179.3 1 0
server/internal/services/package_service.go:181.2,181.49 1 0
server/internal/services/package_service.go:181.49,183.3 1 0
server/internal/services/package_service.go:185.2,185.12 1 0
server/internal/services/payment_service.go:46.18,55.2 1 0
server/internal/services/payment_service.go:57.107,58.20 1 0
server/internal/services/payment_service.go:58.20,60.3 1 0
server/internal/services/payment_service.go:61.2,70.3 1 0
server/internal/services/payment_service.go:73.121,77.16 3 0
server/internal/services/payment_service.go:77.16,79.3 1 0
server/internal/services/payment_service.go:81.2,82.16 2 0
server/internal/services/payment_service.go:82.16,84.3 1 0
server/internal/services/payment_service.go:86.2,93.28 6 0
server/internal/services/payment_service.go:93.28,98.17 2 0
server/internal/services/payment_service.go:98.17,102.4 3 0
server/internal/services/payment_service.go:105.2,114.13 6 0
server/internal/services/payment_service.go:114.13,116.3 1 0
server/internal/services/payment_service.go:118.2,119.43 2 0
server/internal/services/payment_service.go:119.43,122.3 2 0
server/internal/services/payment_service.go:122.8,125.3 2 0
server/internal/services/payment_service.go:127.2,142.16 3 0
server/internal/services/payment_service.go:142.16,144.3 1 0
server/internal/services/payment_service.go:146.2,164.58 2 0
server/internal/services/payment_service.go:164.58,166.3 1 0
server/internal/services/payment_service.go:168.2,168.62 1 0
server/internal/services/payment_service.go:168.62,169.87 1 0
server/internal/services/payment_service.go:169.87,171.4 1 0
server/internal/services/payment_service.go:174.2,181.52 2 0
server/internal/services/payment_service.go:181.52,183.3 1 0
server/internal/services/payment_service.go:185.2,189.8 1 0
server/internal/services/payment_service.go:192.78,193.48 1 0
server/internal/services/payment_service.go:193.48,195.3 1 0
server/internal/services/payment_service.go:197.2,198.65 2 0
server/internal/services/payment_service.go:198.65,200.3 1 0
server/internal/services/payment_service.go:202.2,203.26 2 0
server/internal/services/payment_service.go:203.26,205.3 1 0
server/internal/services/payment_service.go:207.2,208.16 2 0
server/internal/services/payment_service.go:208.16,210.3 1 0
server/internal/services/payment_service.go:212.2,212.33 1 0
server/internal/services/payment_service.go:212.33,214.3 1 0
server/internal/services/payment_service.go:215.2,219.57 4 0
server/internal/services/payment_service.go:219.57,221.3 1 0
server/internal/services/payment_service.go:224.2,236.52 2 0
server/internal/services/payment_service.go:236.52,238.3 1 0
server/internal/services/payment_service.go:241.2,242.16 2 0
server/internal/services/payment_service.go:242.16,244.3 1 0
server/internal/services/payment_service.go:246.2,250.59 4 0
server/internal/services/payment_service.go:250.59,252.3 1 0
server/internal/services/payment_service.go:254.2,254.29 1 0
server/internal/services/payment_service.go:254.29,266.3 3 0
server/internal/services/payment_service.go:268.2,269.31 2 0
server/internal/services/payment_service.go:269.31,271.3 1 0
server/internal/services/payment_service.go:271.8,274.3 2 0
server/internal/services/payment_service.go:275.2,276.47 2 0
server/internal/services/payment_service.go:279.151,282.16 2 0
server/internal/services/payment_service.go:282.16,284.3 1 0
server/internal/services/payment_service.go:286.2,287.29 2 0
server/internal/services/payment_service.go:287.29,301.3 1 0
server/internal/services/payment_service.go:302.2,303.33 2 0
server/internal/services/payment_service.go:306.135,308.16 2 0
server/internal/services/payment_service.go:308.16,310.3 1 0
server/internal/services/payment_service.go:312.2,313.29 2 0
server/internal/services/payment_service.go:313.29,327.3 1 0
server/internal/services/payment_service.go:328.2,329.33 2 0
server/internal/services/payment_service.go:332.97,334.16 2 0
server/internal/services/payment_service.go:334.16,336.3 1 0
server/internal/services/payment_service.go:338.2,356.21 2 0
server/internal/services/payment_service.go:360.59,362.16 2 0
server/internal/services/payment_service.go:362.16,364.3 1 0
server/internal/services/payment_service.go:365.2,365.15 1 0
server/internal/services/payment_service.go:365.15,367.3 1 0
server/internal/services/payment_service.go:368.2,369.12 2 0
server/internal/services/review_service.go:26.161,28.2 1 0
server/internal/services/review_service.go:30.91,32.16 2 0
server/internal/services/review_service.go:32.16,33.45 1 0
server/internal/services/review_service.go:33.45,35.4 1 0
server/internal/services/review_service.go:36.3,36.71 1 0
server/internal/services/review_service.go:39.2,40.28 2 0
server/internal/services/review_service.go:40.28,49.3 1 0
server/internal/services/review_service.go:50.2,50.20 1 0
server/internal/services/review_service.go:53.106,56.16 2 0
server/internal/services/review_service.go:56.16,57.45 1 0
server/internal/services/review_service.go:57.45,59.4 1 0
server/internal/services/review_service.go:60.3,60.69 1 0
server/internal/services/review_service.go:63.2,64.27 2 0
server/internal/services/review_service.go:64.27,66.3 1 0
server/internal/services/review_service.go:68.2,76.55 3 0
server/internal/services/review_service.go:76.55,78.3 1 0
server/internal/services/review_service.go:80.2,81.64 2 0
server/internal/services/review_service.go:81.64,83.3 1 0
server/internal/services/review_service.go:85.2,86.16 2 0
server/internal/services/review_service.go:86.16,88.3 1 0
server/internal/services/review_service.go:90.2,90.84 1 0
server/internal/services/review_service.go:90.84,92.3 1 0
server/internal/services/review_service.go:94.2,94.12 1 0
server/internal/services/schedule_service.go:49.24,58.2 1 0
server/internal/services/schedule_service.go:61.89,64.16 2 0
server/internal/services/schedule_service.go:64.16,66.3 1 0
server/internal/services/schedule_service.go:68.2,68.100 1 0
server/internal/services/schedule_service.go:68.100,70.3 1 0
server/internal/services/schedule_service.go:72.2,73.16 2 0
server/internal/services/schedule_service.go:73.16,75.3 1 0
server/internal/services/schedule_service.go:77.2,78.16 2 0
server/internal/services/schedule_service.go:78.16,80.3 1 0
server/internal/services/schedule_service.go:82.2,83.16 2 0
server/internal/services/schedule_service.go:83.16,85.3 1 0
server/internal/services/schedule_service.go:87.2,104.16 3 0
server/internal/services/schedule_service.go:104.16,106.3 1 0
server/internal/services/schedule_service.go:108.2,108.12 1 0
server/internal/services/schedule_service.go:111.102,125.16 3 0
server/internal/services/schedule_service.go:125.16,127.3 1 0
server/internal/services/schedule_service.go:129.2,130.16 2 0
server/internal/services/schedule_service.go:130.16,132.3 1 0
server/internal/services/schedule_service.go:133.2,133.12 1 0
server/internal/services/schedule_service.go:136.105,139.16 2 0
server/internal/services/schedule_service.go:139.16,141.3 1 0
server/internal/services/schedule_service.go:143.2,143.100 1 0
server/internal/services/schedule_service.go:143.100,145.3 1 0
server/internal/services/schedule_service.go:147.2,148.16 2 0
server/internal/services/schedule_service.go:148.16,150.3 1 0
server/internal/services/schedule_service.go:152.2,152.36 1 0
server/internal/services/schedule_service.go:152.36,154.3 1 0
server/internal/services/schedule_service.go:157.2,157.46 1 0
server/internal/services/schedule_service.go:157.46,159.17 2 0
server/internal/services/schedule_service.go:159.17,161.4 1 0
server/internal/services/schedule_service.go:162.3,165.37 4 0
server/internal/services/schedule_service.go:169.2,169.56 1 0
server/internal/services/schedule_service.go:169.56,171.17 2 0
server/internal/services/schedule_service.go:171.17,173.4 1 0
server/internal/services/schedule_service.go:174.3,175.53 2 0
server/internal/services/schedule_service.go:178.2,179.16 2 0
server/internal/services/schedule_service.go:179.16,181.3 1 0
server/internal/services/schedule_service.go:183.2,189.65 6 0
server/internal/services/schedule_service.go:189.65,191.3 1 0
server/internal/services/schedule_service.go:193.2,193.12 1 0
server/internal/services/schedule_service.go:196.69,198.16 2 0
server/internal/services/schedule_service.go:198.16,200.3 1 0
server/internal/services/schedule_service.go:202.2,202.113 1 0
server/internal/services/schedule_service.go:202.113,204.3 1 0
server/internal/services/schedule_service.go:206.2,207.16 2 0
server/internal/services/schedule_service.go:207.16,209.3 1 0
server/internal/services/schedule_service.go:210.2,210.14 1 0
server/internal/services/schedule_service.go:210.14,212.3 1 0
server/internal/services/schedule_service.go:214.2,215.16 2 0
server/internal/services/schedule_service.go:215.16,217.3 1 0
server/internal/services/schedule_service.go:219.2,219.12 1 0
server/internal/services/schedule_service.go:222.122,224.16 2 0
server/internal/services/schedule_service.go:224.16,226.3 1 0
server/internal/services/schedule_service.go:228.2,229.16 2 0
server/internal/services/schedule_service.go:229.16,231.3 1 0
server/internal/services/schedule_service.go:233.2,234.29 2 0
server/internal/services/schedule_service.go:234.29,241.3 1 0
server/internal/services/schedule_service.go:243.2,264.8 2 0
server/internal/services/schedule_service.go:267.126,269.16 2 0
server/internal/services/schedule_service.go:269.16,271.3 1 0
server/internal/services/schedule_service.go:273.2,274.37 2 0
server/internal/services/schedule_service.go:274.37,292.3 1 0
server/internal/services/schedule_service.go:294.2,294.20 1 0
server/internal/services/schedule_service.go:297.114,299.16 2 0
server/internal/services/schedule_service.go:299.16,301.3 1 0
server/internal/services/schedule_service.go:303.2,304.37 2 0
server/internal/services/schedule_service.go:304.37,324.3 2 0
server/internal/services/schedule_service.go:326.2,326.20 1 0
server/internal/services/schedule_service.go:329.180,332.16 2 0
server/internal/services/schedule_service.go:332.16,334.3 1 0
server/internal/services/schedule_service.go:336.2,337.16 2 0
server/internal/services/schedule_service.go:337.16,339.3 1 0
server/internal/services/schedule_service.go:341.2,342.37 2 0
server/internal/services/schedule_service.go:342.37,361.3 1 0
server/internal/services/schedule_service.go:362.2,363.33 2 0
server/internal/services/schedule_service.go:366.101,368.16 2 0
server/internal/services/schedule_service.go:368.16,370.3 1 0
server/internal/services/schedule_service.go:371.2,371.23 1 0
server/internal/services/schedule_service.go:371.23,373.3 1 0
server/internal/services/schedule_service.go:375.2,375.24 1 0
server/internal/services/schedule_service.go:375.24,377.3 1 0
server/internal/services/schedule_service.go:379.2,381.55 2 0
server/internal/services/schedule_service.go:384.119,386.16 2 0
server/internal/services/schedule_service.go:386.16,388.3 1 0
server/internal/services/schedule_service.go:390.2,391.29 2 0
server/internal/services/schedule_service.go:391.29,404.68 4 0
server/internal/services/schedule_service.go:404.68,406.4 1 0
server/internal/services/schedule_service.go:407.3,407.70 1 0
server/internal/services/schedule_service.go:407.70,409.4 1 0
server/internal/services/schedule_service.go:411.3,411.32 1 0
server/internal/services/schedule_service.go:414.2,414.20 1 0
server/internal/services/subcat_service.go:25.88,27.2 1 0
server/internal/services/subcat_service.go:29.88,31.16 2 0
server/internal/services/subcat_service.go:31.16,33.3 1 0
server/internal/services/subcat_service.go:35.2,41.63 2 0
server/internal/services/subcat_service.go:41.63,43.3 1 0
server/internal/services/subcat_service.go:45.2,45.12 1 0
server/internal/services/subcat_service.go:48.99,50.16 2 0
server/internal/services/subcat_service.go:50.16,52.3 1 0
server/internal/services/subcat_service.go:54.2,55.16 2 0
server/internal/services/subcat_service.go:55.16,57.3 1 0
server/internal/services/subcat_service.go:59.2,62.62 3 0
server/internal/services/subcat_service.go:62.62,64.3 1 0
server/internal/services/subcat_service.go:66.2,66.12 1 0
server/internal/services/subcat_service.go:69.65,71.16 2 0
server/internal/services/subcat_service.go:71.16,73.3 1 0
server/internal/services/subcat_service.go:75.2,75.53 1 0
server/internal/services/subcat_service.go:75.53,77.3 1 0
server/internal/services/subcat_service.go:79.2,79.12 1 0
server/internal/services/subcat_service.go:82.87,84.16 2 0
server/internal/services/subcat_service.go:84.16,86.3 1 0
server/internal/services/subcat_service.go:88.2,89.34 2 0
server/internal/services/subcat_service.go:89.34,95.3 1 0
server/internal/services/subcat_service.go:97.2,97.20 1 0
server/internal/services/subcat_service.go:100.94,102.16 2 0
server/internal/services/subcat_service.go:102.16,104.3 1 0
server/internal/services/subcat_service.go:106.2,110.8 1 0
server/internal/services/subcat_service.go:113.113,115.16 2 0
server/internal/services/subcat_service.go:115.16,117.3 1 0
server/internal/services/subcat_service.go:119.2,120.34 2 0
server/internal/services/subcat_service.go:120.34,126.3 1 0
server/internal/services/subcat_service.go:128.2,128.20 1 0
server/internal/services/template_service.go:46.27,48.2 1 0
server/internal/services/template_service.go:50.93,52.16 2 0
server/internal/services/template_service.go:52.16,54.3 1 0
server/internal/services/template_service.go:56.2,57.30 2 0
server/internal/services/template_service.go:57.30,75.3 4 0
server/internal/services/template_service.go:76.2,76.20 1 0
server/internal/services/template_service.go:79.47,81.2 1 0
server/internal/services/template_service.go:83.113,88.16 3 0
server/internal/services/template_service.go:88.16,90.3 1 0
server/internal/services/template_service.go:92.2,92.25 1 0
server/internal/services/template_service.go:92.25,94.3 1 0
server/internal/services/template_service.go:96.2,97.16 2 0
server/internal/services/template_service.go:97.16,99.3 1 0
server/internal/services/template_service.go:101.2,102.16 2 0
server/internal/services/template_service.go:102.16,104.3 1 0
server/internal/services/template_service.go:106.2,107.16 2 0
server/internal/services/template_service.go:107.16,109.3 1 0
server/internal/services/template_service.go:111.2,111.70 1 0
server/internal/services/template_service.go:111.70,113.44 2 0
server/internal/services/template_service.go:113.44,114.12 1 0
server/internal/services/template_service.go:117.3,117.116 1 0
server/internal/services/template_service.go:117.116,119.4 1 0
server/internal/services/template_service.go:122.2,123.16 2 0
server/internal/services/template_service.go:123.16,125.3 1 0
server/internal/services/template_service.go:127.2,127.70 1 0
server/internal/services/template_service.go:127.70,129.44 2 0
server/internal/services/template_service.go:129.44,130.12 1 0
server/internal/services/template_service.go:133.3,133.116 1 0
server/internal/services/template_service.go:133.116,135.4 1 0
server/internal/services/template_service.go:139.2,157.16 3 0
server/internal/services/template_service.go:157.16,159.3 1 0
server/internal/services/template_service.go:161.2,161.34 1 0
server/internal/services/template_service.go:164.114,166.16 2 0
server/internal/services/template_service.go:166.16,168.3 1 0
server/internal/services/template_service.go:169.2,169.23 1 0
server/internal/services/template_service.go:169.23,171.3 1 0
server/internal/services/template_service.go:173.2,174.16 2 0
server/internal/services/template_service.go:174.16,176.3 1 0
server/internal/services/template_service.go:178.2,181.46 2 0
server/internal/services/template_service.go:181.46,183.17 2 0
server/internal/services/template_service.go:183.17,185.4 1 0
server/internal/services/template_service.go:186.3,189.28 4 0
server/internal/services/template_service.go:193.2,193.56 1 0
server/internal/services/template_service.go:193.56,195.17 2 0
server/internal/services/template_service.go:195.17,197.4 1 0
server/internal/services/template_service.go:198.3,200.28 3 0
server/internal/services/template_service.go:204.2,205.83 1 0
server/internal/services/template_service.go:205.83,207.3 1 0
server/internal/services/template_service.go:209.2,209.24 1 0
server/internal/services/template_service.go:209.24,211.17 2 0
server/internal/services/template_service.go:211.17,213.4 1 0
server/internal/services/template_service.go:214.3,215.17 2 0
server/internal/services/template_service.go:215.17,217.4 1 0
server/internal/services/template_service.go:219.3,220.71 2 0
server/internal/services/template_service.go:220.71,222.45 2 0
server/internal/services/template_service.go:222.45,223.13 1 0
server/internal/services/template_service.go:225.4,225.117 1 0
server/internal/services/template_service.go:225.117,227.5 1 0
server/internal/services/template_service.go:228.4,228.117 1 0
server/internal/services/template_service.go:228.117,230.5 1 0
server/internal/services/template_service.go:235.2,241.60 6 0
server/internal/services/template_service.go:241.60,243.3 1 0
server/internal/services/template_service.go:245.2,245.12 1 0
server/internal/services/template_service.go:248.67,250.16 2 0
server/internal/services/template_service.go:250.16,252.3 1 0
server/internal/services/template_service.go:253.2,253.12 1 0
server/internal/services/template_service.go:256.64,258.16 2 0
server/internal/services/template_service.go:258.16,260.3 1 0
server/internal/services/template_service.go:261.2,261.23 1 0
server/internal/services/template_service.go:261.23,263.3 1 0
server/internal/services/template_service.go:265.2,266.44 2 0
server/internal/services/template_service.go:269.65,271.16 2 0
server/internal/services/template_service.go:271.16,273.3 1 0
server/internal/services/template_service.go:274.2,274.24 1 0
server/internal/services/template_service.go:274.24,276.3 1 0
server/internal/services/template_service.go:278.2,281.16 3 0
server/internal/services/template_service.go:281.16,283.3 1 0
server/internal/services/template_service.go:284.2,284.12 1 0
server/internal/services/template_service.go:287.81,289.16 2 0
server/internal/services/template_service.go:289.16,291.3 1 0
server/internal/services/template_service.go:293.2,293.24 1 0
server/internal/services/template_service.go:293.24,295.3 1 0
server/internal/services/template_service.go:297.2,298.67 2 0
server/internal/services/template_service.go:298.67,300.3 1 0
server/internal/services/template_service.go:302.2,309.85 6 0
server/internal/services/template_service.go:309.85,312.53 2 0
server/internal/services/template_service.go:312.53,314.12 2 0
server/internal/services/template_service.go:317.3,332.67 2 0
server/internal/services/template_service.go:332.67,335.12 3 0
server/internal/services/template_service.go:338.3,338.20 1 0
server/internal/services/template_service.go:341.2,341.17 1 0
server/internal/services/template_service.go:341.17,343.3 1 0
server/internal/services/template_service.go:345.2,347.60 3 0
server/internal/services/template_service.go:347.60,349.3 1 0
server/internal/services/template_service.go:351.2,351.21 1 0
server/internal/services/template_service.go:351.21,353.3 1 0
server/internal/services/template_service.go:355.2,356.12 2 0
server/internal/services/template_service.go:359.110,361.16 2 0
server/internal/services/template_service.go:361.16,363.3 1 0
server/internal/services/template_service.go:365.2,366.16 2 0
server/internal/services/template_service.go:366.16,368.3 1 0
server/internal/services/template_service.go:370.2,371.16 2 0
server/internal/services/template_service.go:371.16,373.3 1 0
server/internal/services/template_service.go:375.2,376.16 2 0
server/internal/services/template_service.go:376.16,378.3 1 0
server/internal/services/template_service.go:380.2,380.12 1 0
server/internal/services/template_service.go:383.145,389.30 5 0
server/internal/services/template_service.go:389.30,390.37 1 0
server/internal/services/template_service.go:390.37,391.12 1 0
server/internal/services/template_service.go:393.3,394.64 2 0
server/internal/services/template_service.go:394.64,395.12 1 0
server/internal/services/template_service.go:397.3,397.44 1 0
server/internal/services/template_service.go:397.44,398.12 1 0
server/internal/services/template_service.go:401.3,404.57 3 0
server/internal/services/template_service.go:404.57,407.4 1 0
server/internal/services/template_service.go:410.2,410.12 1 0
server/internal/services/template_service.go:413.142,419.30 4 0
server/internal/services/template_service.go:419.30,420.37 1 0
server/internal/services/template_service.go:420.37,421.12 1 0
server/internal/services/template_service.go:424.3,424.99 1 0
server/internal/services/template_service.go:424.99,425.12 1 0
server/internal/services/template_service.go:428.3,431.61 3 0
server/internal/services/template_service.go:431.61,434.4 1 0
server/internal/services/template_service.go:437.2,437.12 1 0
server/internal/services/template_service.go:441.65,443.16 2 0
server/internal/services/template_service.go:443.16,445.3 1 0
server/internal/services/template_service.go:447.2,447.25 1 0
server/internal/services/template_service.go:447.25,449.3 1 0
server/internal/services/template_service.go:451.2,451.37 1 0
server/internal/services/template_service.go:451.37,452.78 1 0
server/internal/services/template_service.go:452.78,454.12 2 0
server/internal/services/template_service.go:459.2,459.12 1 0
server/internal/services/type_service.go:22.67,24.2 1 0
server/internal/services/type_service.go:26.51,28.16 2 0
server/internal/services/type_service.go:28.16,30.3 1 0
server/internal/services/type_service.go:32.2,32.46 1 0
server/internal/services/type_service.go:32.46,34.3 1 0
server/internal/services/type_service.go:36.2,36.12 1 0
server/internal/services/type_service.go:39.65,41.16 2 0
server/internal/services/type_service.go:41.16,43.3 1 0
server/internal/services/type_service.go:45.2,46.26 2 0
server/internal/services/type_service.go:46.26,51.3 1 0
server/internal/services/type_service.go:52.2,52.20 1 0
server/internal/services/type_service.go:55.67,58.46 2 0
server/internal/services/type_service.go:58.46,60.3 1 0
server/internal/services/type_service.go:62.2,62.12 1 0
server/internal/services/type_service.go:65.73,67.16 2 0
server/internal/services/type_service.go:67.16,69.3 1 0
server/internal/services/type_service.go:71.2,74.8 1 0
server/internal/services/type_service.go:77.78,79.16 2 0
server/internal/services/type_service.go:79.16,81.3 1 0
server/internal/services/type_service.go:83.2,85.45 2 0
server/internal/services/type_service.go:85.45,87.3 1 0
server/internal/services/type_service.go:89.2,89.12 1 0
server/internal/services/user_pkg_service.go:21.88,23.2 1 0
server/internal/services/user_pkg_service.go:25.151,28.16 2 0
server/internal/services/user_pkg_service.go:28.16,30.3 1 0
server/internal/services/user_pkg_service.go:32.2,32.20 1 0
server/internal/services/user_pkg_service.go:32.20,34.3 1 0
server/internal/services/user_pkg_service.go:36.2,37.25 2 0
server/internal/services/user_pkg_service.go:37.25,39.25 2 0
server/internal/services/user_pkg_service.go:39.25,41.4 1 0
server/internal/services/user_pkg_service.go:42.3,48.5 1 0
server/internal/services/user_pkg_service.go:51.2,52.33 2 0
server/internal/services/user_pkg_service.go:55.114,57.16 2 0
server/internal/services/user_pkg_service.go:57.16,59.3 1 0
server/internal/services/user_pkg_service.go:61.2,62.34 2 0
server/internal/services/user_pkg_service.go:62.34,68.26 2 0
server/internal/services/user_pkg_service.go:68.26,71.4 2 0
server/internal/services/user_pkg_service.go:73.3,81.5 1 0
server/internal/services/user_pkg_service.go:84.2,84.20 1 0
server/internal/services/user_pkg_service.go:87.24,88.11 1 0
server/internal/services/user_pkg_service.go:88.11,90.3 1 0
server/internal/services/user_pkg_service.go:91.2,91.10 1 0
server/internal/services/user_service.go:23.67,25.2 1 0
server/internal/services/user_service.go:27.70,29.16 2 0
server/internal/services/user_service.go:29.16,31.3 1 0
server/internal/services/user_service.go:32.2,38.8 1 0
server/internal/services/user_service.go:41.86,43.16 2 0
server/internal/services/user_service.go:43.16,45.3 1 0
server/internal/services/user_service.go:47.2,47.83 1 0
server/internal/services/user_service.go:47.83,49.3 1 0
server/internal/services/user_service.go:51.2,52.48 2 0
server/internal/services/user_service.go:52.48,54.3 1 0
server/internal/services/user_service.go:55.2,55.12 1 0
server/internal/services/user_service.go:58.91,60.16 2 0
server/internal/services/user_service.go:60.16,62.3 1 0
server/internal/services/user_service.go:64.2,69.24 5 0
server/internal/services/user_service.go:69.24,71.17 2 0
server/internal/services/user_service.go:71.17,73.4 1 0
server/internal/services/user_service.go:74.3,74.28 1 0
server/internal/services/user_service.go:77.2,77.48 1 0
server/internal/services/user_service.go:77.48,79.3 1 0
server/internal/services/user_service.go:80.2,80.12 1 0
server/internal/services/user_service.go:83.119,85.16 2 0
server/internal/services/user_service.go:85.16,87.3 1 0
server/internal/services/user_service.go:89.2,90.26 2 0
server/internal/services/user_service.go:90.26,100.3 1 0
server/internal/services/user_service.go:102.2,103.33 2 0
server/internal/services/user_service.go:106.81,108.16 2 0
server/internal/services/user_service.go:108.16,110.3 1 0
server/internal/services/user_service.go:112.2,113.26 2 0
server/internal/services/user_service.go:113.26,115.3 1 0
server/internal/services/user_service.go:117.2,130.26 2 0
server/internal/services/user_service.go:130.26,132.3 1 0
server/internal/services/user_service.go:134.2,134.17 1 0
server/internal/services/user_service.go:137.34,139.2 1 0
server/internal/services/voucher_service.go:28.76,30.2 1 0
server/internal/services/voucher_service.go:32.57,34.44 2 0
server/internal/services/voucher_service.go:34.44,36.3 1 0
server/internal/services/voucher_service.go:37.2,37.16 1 0
server/internal/services/voucher_service.go:37.16,39.3 1 0
server/internal/services/voucher_service.go:41.2,41.53 1 0
server/internal/services/voucher_service.go:41.53,43.3 1 0
server/internal/services/voucher_service.go:44.2,44.12 1 0
server/internal/services/voucher_service.go:47.76,49.16 2 0
server/internal/services/voucher_service.go:49.16,51.3 1 0
server/internal/services/voucher_service.go:53.2,64.58 2 0
server/internal/services/voucher_service.go:64.58,66.3 1 0
server/internal/services/voucher_service.go:67.2,67.12 1 0
server/internal/services/voucher_service.go:70.74,72.16 2 0
server/internal/services/voucher_service.go:72.16,74.3 1 0
server/internal/services/voucher_service.go:76.2,77.29 2 0
server/internal/services/voucher_service.go:77.29,90.3 1 0
server/internal/services/voucher_service.go:92.2,92.20 1 0
server/internal/services/voucher_service.go:95.77,97.44 2 0
server/internal/services/voucher_service.go:97.44,99.3 1 0
server/internal/services/voucher_service.go:100.2,100.16 1 0
server/internal/services/voucher_service.go:100.16,102.3 1 0
server/internal/services/voucher_service.go:104.2,104.25 1 0
server/internal/services/voucher_service.go:104.25,105.70 1 0
server/internal/services/voucher_service.go:105.70,107.4 1 0
server/internal/services/voucher_service.go:110.2,110.23 1 0
server/internal/services/voucher_service.go:110.23,112.55 2 0
server/internal/services/voucher_service.go:112.55,114.4 1 0
server/internal/services/voucher_service.go:116.2,116.12 1 0
server/internal/services/voucher_service.go:119.87,121.16 2 0
server/internal/services/voucher_service.go:121.16,123.3 1 0
server/internal/services/voucher_service.go:125.2,126.44 2 0
server/internal/services/voucher_service.go:126.44,128.3 1 0
server/internal/services/voucher_service.go:129.2,129.16 1 0
server/internal/services/voucher_service.go:129.16,131.3 1 0
server/internal/services/voucher_service.go:133.2,141.54 8 0
server/internal/services/voucher_service.go:141.54,143.3 1 0
server/internal/services/voucher_service.go:144.2,144.12 1 0
server/internal/services/voucher_service.go:147.103,149.44 2 0
server/internal/services/voucher_service.go:149.44,151.3 1 0
server/internal/services/voucher_service.go:152.2,152.16 1 0
server/internal/services/voucher_service.go:152.16,154.3 1 0
server/internal/services/voucher_service.go:156.2,159.13 3 0
server/internal/services/voucher_service.go:159.13,161.17 2 0
server/internal/services/voucher_service.go:161.17,163.4 1 0
server/internal/services/voucher_service.go:165.3,165.26 1 0
server/internal/services/voucher_service.go:165.26,167.18 2 0
server/internal/services/voucher_service.go:167.18,169.5 1 0
server/internal/services/voucher_service.go:170.4,170.12 1 0
server/internal/services/voucher_service.go:170.12,172.5 1 0
server/internal/services/voucher_service.go:176.2,177.42 2 0
server/internal/services/voucher_service.go:177.42,179.73 2 0
server/internal/services/voucher_service.go:179.73,181.4 1 0
server/internal/services/voucher_service.go:182.8,184.3 1 0
server/internal/services/voucher_service.go:186.2,195.8 2 0
